# JRE version: OpenJDK Runtime Environment AdoptOpenJDK (11.0.10+9) (build 11.0.10+9)
# Java VM: OpenJDK 64-Bit Server VM AdoptOpenJDK (11.0.10+9, mixed mode, tiered, compressed oops, g1 gc, windows-amd64)
Heap:
 garbage-first heap   total 246784K, used 179958K [0x00000000e0000000, 0x0000000100000000)
  region size 1024K, 12 young (12288K), 4 survivors (4096K)
 Metaspace       used 31242K, capacity 31852K, committed 32128K, reserved 1077248K
  class space    used 3110K, capacity 3371K, committed 3456K, reserved 1048576K
GC Heap History (20 events):
Event: 109.034 GC heap before
{Heap before GC invocations=122 (full 0):
 garbage-first heap   total 246784K, used 222447K [0x00000000e0000000, 0x0000000100000000)
  region size 1024K, 70 young (71680K), 2 survivors (2048K)
 Metaspace       used 31065K, capacity 31718K, committed 31872K, reserved 1077248K
  class space    used 3108K, capacity 3371K, committed 3456K, reserved 1048576K
}
Event: 109.037 GC heap after
{Heap after GC invocations=123 (full 0):
 garbage-first heap   total 246784K, used 139524K [0x00000000e0000000, 0x0000000100000000)
  region size 1024K, 2 young (2048K), 2 survivors (2048K)
 Metaspace       used 31065K, capacity 31718K, committed 31872K, reserved 1077248K
  class space    used 3108K, capacity 3371K, committed 3456K, reserved 1048576K
}
Event: 113.893 GC heap before
{Heap before GC invocations=123 (full 0):
 garbage-first heap   total 246784K, used 210180K [0x00000000e0000000, 0x0000000100000000)
  region size 1024K, 71 young (72704K), 2 survivors (2048K)
 Metaspace       used 31082K, capacity 31718K, committed 31872K, reserved 1077248K
  class space    used 3108K, capacity 3371K, committed 3456K, reserved 1048576K
}
Event: 113.896 GC heap after
{Heap after GC invocations=124 (full 0):
 garbage-first heap   total 246784K, used 139952K [0x00000000e0000000, 0x0000000100000000)
  region size 1024K, 3 young (3072K), 3 survivors (3072K)
 Metaspace       used 31082K, capacity 31718K, committed 31872K, reserved 1077248K
  class space    used 3108K, capacity 3371K, committed 3456K, reserved 1048576K
}
Event: 118.635 GC heap before
{Heap before GC invocations=125 (full 0):
 garbage-first heap   total 246784K, used 209584K [0x00000000e0000000, 0x0000000100000000)
  region size 1024K, 71 young (72704K), 3 survivors (3072K)
 Metaspace       used 31101K, capacity 31718K, committed 31872K, reserved 1077248K
  class space    used 3108K, capacity 3371K, committed 3456K, reserved 1048576K
}
Event: 118.637 GC heap after
{Heap after GC invocations=126 (full 0):
 garbage-first heap   total 246784K, used 139378K [0x00000000e0000000, 0x0000000100000000)
  region size 1024K, 2 young (2048K), 2 survivors (2048K)
 Metaspace       used 31101K, capacity 31718K, committed 31872K, reserved 1077248K
  class space    used 3108K, capacity 3371K, committed 3456K, reserved 1048576K
}
Event: 122.702 GC heap before
{Heap before GC invocations=126 (full 0):
 garbage-first heap   total 246784K, used 212082K [0x00000000e0000000, 0x0000000100000000)
  region size 1024K, 73 young (74752K), 2 survivors (2048K)
 Metaspace       used 31190K, capacity 31847K, committed 32128K, reserved 1077248K
  class space    used 3108K, capacity 3371K, committed 3456K, reserved 1048576K
}
Event: 122.706 GC heap after
{Heap after GC invocations=127 (full 0):
 garbage-first heap   total 246784K, used 139600K [0x00000000e0000000, 0x0000000100000000)
  region size 1024K, 2 young (2048K), 2 survivors (2048K)
 Metaspace       used 31190K, capacity 31847K, committed 32128K, reserved 1077248K
  class space    used 3108K, capacity 3371K, committed 3456K, reserved 1048576K
}
Event: 129.530 GC heap before
{Heap before GC invocations=128 (full 0):
 garbage-first heap   total 246784K, used 171344K [0x00000000e0000000, 0x0000000100000000)
  region size 1024K, 34 young (34816K), 2 survivors (2048K)
 Metaspace       used 31190K, capacity 31847K, committed 32128K, reserved 1077248K
  class space    used 3108K, capacity 3371K, committed 3456K, reserved 1048576K
}
Event: 129.535 GC heap after
{Heap after GC invocations=129 (full 0):
 garbage-first heap   total 246784K, used 141788K [0x00000000e0000000, 0x0000000100000000)
  region size 1024K, 5 young (5120K), 5 survivors (5120K)
 Metaspace       used 31190K, capacity 31847K, committed 32128K, reserved 1077248K
  class space    used 3108K, capacity 3371K, committed 3456K, reserved 1048576K
}
Event: 131.075 GC heap before
{Heap before GC invocations=130 (full 0):
 garbage-first heap   total 246784K, used 220636K [0x00000000e0000000, 0x0000000100000000)
  region size 1024K, 59 young (60416K), 5 survivors (5120K)
 Metaspace       used 31213K, capacity 31847K, committed 32128K, reserved 1077248K
  class space    used 3108K, capacity 3371K, committed 3456K, reserved 1048576K
}
Event: 131.080 GC heap after
{Heap after GC invocations=131 (full 0):
 garbage-first heap   total 246784K, used 141349K [0x00000000e0000000, 0x0000000100000000)
  region size 1024K, 4 young (4096K), 4 survivors (4096K)
 Metaspace       used 31213K, capacity 31847K, committed 32128K, reserved 1077248K
  class space    used 3108K, capacity 3371K, committed 3456K, reserved 1048576K
}
Event: 131.250 GC heap before
{Heap before GC invocations=131 (full 0):
 garbage-first heap   total 246784K, used 172069K [0x00000000e0000000, 0x0000000100000000)
  region size 1024K, 29 young (29696K), 4 survivors (4096K)
 Metaspace       used 31221K, capacity 31847K, committed 32128K, reserved 1077248K
  class space    used 3108K, capacity 3371K, committed 3456K, reserved 1048576K
}
Event: 131.272 GC heap after
{Heap after GC invocations=132 (full 0):
 garbage-first heap   total 246784K, used 144319K [0x00000000e0000000, 0x0000000100000000)
  region size 1024K, 4 young (4096K), 4 survivors (4096K)
 Metaspace       used 31221K, capacity 31847K, committed 32128K, reserved 1077248K
  class space    used 3108K, capacity 3371K, committed 3456K, reserved 1048576K
}
Event: 135.789 GC heap before
{Heap before GC invocations=133 (full 0):
 garbage-first heap   total 246784K, used 172991K [0x00000000e0000000, 0x0000000100000000)
  region size 1024K, 26 young (26624K), 4 survivors (4096K)
 Metaspace       used 31233K, capacity 31852K, committed 32128K, reserved 1077248K
  class space    used 3108K, capacity 3371K, committed 3456K, reserved 1048576K
}
Event: 135.793 GC heap after
{Heap after GC invocations=134 (full 0):
 garbage-first heap   total 246784K, used 141480K [0x00000000e0000000, 0x0000000100000000)
  region size 1024K, 4 young (4096K), 4 survivors (4096K)
 Metaspace       used 31233K, capacity 31852K, committed 32128K, reserved 1077248K
  class space    used 3108K, capacity 3371K, committed 3456K, reserved 1048576K
}
Event: 138.414 GC heap before
{Heap before GC invocations=135 (full 0):
 garbage-first heap   total 246784K, used 172200K [0x00000000e0000000, 0x0000000100000000)
  region size 1024K, 22 young (22528K), 4 survivors (4096K)
 Metaspace       used 31234K, capacity 31852K, committed 32128K, reserved 1077248K
  class space    used 3108K, capacity 3371K, committed 3456K, reserved 1048576K
}
Event: 138.420 GC heap after
{Heap after GC invocations=136 (full 0):
 garbage-first heap   total 246784K, used 143004K [0x00000000e0000000, 0x0000000100000000)
  region size 1024K, 6 young (6144K), 6 survivors (6144K)
 Metaspace       used 31234K, capacity 31852K, committed 32128K, reserved 1077248K
  class space    used 3108K, capacity 3371K, committed 3456K, reserved 1048576K
}
Event: 140.970 GC heap before
{Heap before GC invocations=137 (full 0):
 garbage-first heap   total 246784K, used 196252K [0x00000000e0000000, 0x0000000100000000)
  region size 1024K, 30 young (30720K), 6 survivors (6144K)
 Metaspace       used 31234K, capacity 31852K, committed 32128K, reserved 1077248K
  class space    used 3108K, capacity 3371K, committed 3456K, reserved 1048576K
}
Event: 140.979 GC heap after
{Heap after GC invocations=138 (full 0):
 garbage-first heap   total 246784K, used 143094K [0x00000000e0000000, 0x0000000100000000)
  region size 1024K, 4 young (4096K), 4 survivors (4096K)
 Metaspace       used 31234K, capacity 31852K, committed 32128K, reserved 1077248K
  class space    used 3108K, capacity 3371K, committed 3456K, reserved 1048576K
}

